<?xml version="1.0" encoding="UTF-8"?>
<testng-results skipped="0" failed="0" ignored="0" total="2" passed="2">
  <reporter-output>
  </reporter-output>
  <suite name="Suite" duration-ms="112623" started-at="2020-09-08T22:15:24 CEST" finished-at="2020-09-08T22:17:16 CEST">
    <groups>
    </groups>
    <test name="Test" duration-ms="112623" started-at="2020-09-08T22:15:24 CEST" finished-at="2020-09-08T22:17:16 CEST">
      <class name="environment.AppiumMaster.PreferenceTest">
        <test-method status="PASS" signature="killAllNodes()[pri:0, instance:environment.AppiumMaster.PreferenceTest@1ed4004b]" name="killAllNodes" is-config="true" duration-ms="3019" started-at="2020-09-08T22:15:24 CEST" finished-at="2020-09-08T22:15:27 CEST">
          <reporter-output>
          </reporter-output>
        </test-method> <!-- killAllNodes -->
        <test-method status="PASS" signature="setUp()[pri:0, instance:environment.AppiumMaster.PreferenceTest@1ed4004b]" name="setUp" is-config="true" duration-ms="47363" started-at="2020-09-08T22:15:28 CEST" finished-at="2020-09-08T22:16:15 CEST">
          <reporter-output>
          </reporter-output>
        </test-method> <!-- setUp -->
        <test-method status="PASS" signature="apiDemoTest(java.lang.String)[pri:0, instance:environment.AppiumMaster.PreferenceTest@1ed4004b]" name="apiDemoTest" duration-ms="7021" started-at="2020-09-08T22:16:15 CEST" data-provider="InputData" finished-at="2020-09-08T22:16:22 CEST">
          <params>
            <param index="0">
              <value>
                <![CDATA[hello]]>
              </value>
            </param>
          </params>
          <reporter-output>
          </reporter-output>
        </test-method> <!-- apiDemoTest -->
        <test-method status="PASS" signature="stop()[pri:0, instance:environment.AppiumMaster.PreferenceTest@1ed4004b]" name="stop" is-config="true" duration-ms="1979" started-at="2020-09-08T22:16:22 CEST" finished-at="2020-09-08T22:16:24 CEST">
          <reporter-output>
          </reporter-output>
        </test-method> <!-- stop -->
        <test-method status="PASS" signature="setUp()[pri:0, instance:environment.AppiumMaster.PreferenceTest@1ed4004b]" name="setUp" is-config="true" duration-ms="43203" started-at="2020-09-08T22:16:24 CEST" finished-at="2020-09-08T22:17:07 CEST">
          <reporter-output>
          </reporter-output>
        </test-method> <!-- setUp -->
        <test-method status="PASS" signature="apiDemoTest(java.lang.String)[pri:0, instance:environment.AppiumMaster.PreferenceTest@1ed4004b]" name="apiDemoTest" duration-ms="7216" started-at="2020-09-08T22:17:07 CEST" data-provider="InputData" finished-at="2020-09-08T22:17:14 CEST">
          <params>
            <param index="0">
              <value>
                <![CDATA[@:%^$]]>
              </value>
            </param>
          </params>
          <reporter-output>
          </reporter-output>
        </test-method> <!-- apiDemoTest -->
        <test-method status="PASS" signature="stop()[pri:0, instance:environment.AppiumMaster.PreferenceTest@1ed4004b]" name="stop" is-config="true" duration-ms="2039" started-at="2020-09-08T22:17:14 CEST" finished-at="2020-09-08T22:17:16 CEST">
          <reporter-output>
          </reporter-output>
        </test-method> <!-- stop -->
      </class> <!-- environment.AppiumMaster.PreferenceTest -->
    </test> <!-- Test -->
  </suite> <!-- Suite -->
</testng-results>
