<?xml version="1.0" encoding="UTF-8"?>
<testng-results skipped="0" failed="0" ignored="0" total="2" passed="2">
  <reporter-output>
  </reporter-output>
  <suite name="Suite" duration-ms="143022" started-at="2020-09-08T22:11:25 CEST" finished-at="2020-09-08T22:13:48 CEST">
    <groups>
    </groups>
    <test name="Test" duration-ms="143022" started-at="2020-09-08T22:11:25 CEST" finished-at="2020-09-08T22:13:48 CEST">
      <class name="environment.AppiumMaster.PreferenceTest">
        <test-method status="PASS" signature="killAllNodes()[pri:0, instance:environment.AppiumMaster.PreferenceTest@2bbf4b8b]" name="killAllNodes" is-config="true" duration-ms="3016" started-at="2020-09-08T22:11:25 CEST" finished-at="2020-09-08T22:11:28 CEST">
          <reporter-output>
          </reporter-output>
        </test-method> <!-- killAllNodes -->
        <test-method status="PASS" signature="setUp()[pri:0, instance:environment.AppiumMaster.PreferenceTest@2bbf4b8b]" name="setUp" is-config="true" duration-ms="65642" started-at="2020-09-08T22:11:29 CEST" finished-at="2020-09-08T22:12:35 CEST">
          <reporter-output>
          </reporter-output>
        </test-method> <!-- setUp -->
        <test-method status="PASS" signature="apiDemoTest(java.lang.String)[pri:0, instance:environment.AppiumMaster.PreferenceTest@2bbf4b8b]" name="apiDemoTest" duration-ms="7241" started-at="2020-09-08T22:12:35 CEST" data-provider="InputData" finished-at="2020-09-08T22:12:42 CEST">
          <params>
            <param index="0">
              <value>
                <![CDATA[hello]]>
              </value>
            </param>
          </params>
          <reporter-output>
          </reporter-output>
        </test-method> <!-- apiDemoTest -->
        <test-method status="PASS" signature="stop()[pri:0, instance:environment.AppiumMaster.PreferenceTest@2bbf4b8b]" name="stop" is-config="true" duration-ms="2016" started-at="2020-09-08T22:12:42 CEST" finished-at="2020-09-08T22:12:44 CEST">
          <reporter-output>
          </reporter-output>
        </test-method> <!-- stop -->
        <test-method status="PASS" signature="setUp()[pri:0, instance:environment.AppiumMaster.PreferenceTest@2bbf4b8b]" name="setUp" is-config="true" duration-ms="55544" started-at="2020-09-08T22:12:44 CEST" finished-at="2020-09-08T22:13:39 CEST">
          <reporter-output>
          </reporter-output>
        </test-method> <!-- setUp -->
        <test-method status="PASS" signature="apiDemoTest(java.lang.String)[pri:0, instance:environment.AppiumMaster.PreferenceTest@2bbf4b8b]" name="apiDemoTest" duration-ms="6944" started-at="2020-09-08T22:13:39 CEST" data-provider="InputData" finished-at="2020-09-08T22:13:46 CEST">
          <params>
            <param index="0">
              <value>
                <![CDATA[@:%^$]]>
              </value>
            </param>
          </params>
          <reporter-output>
          </reporter-output>
        </test-method> <!-- apiDemoTest -->
        <test-method status="PASS" signature="stop()[pri:0, instance:environment.AppiumMaster.PreferenceTest@2bbf4b8b]" name="stop" is-config="true" duration-ms="2011" started-at="2020-09-08T22:13:46 CEST" finished-at="2020-09-08T22:13:48 CEST">
          <reporter-output>
          </reporter-output>
        </test-method> <!-- stop -->
      </class> <!-- environment.AppiumMaster.PreferenceTest -->
    </test> <!-- Test -->
  </suite> <!-- Suite -->
</testng-results>
